<?xml version="1.0" encoding="UTF-8"?>
<!-- Generated by org.testng.reporters.JUnitReportReporter -->
<testsuite hostname="CAP-LAP-894" failures="0" tests="4" name="com.bryne.qa.testcases.LoginPageTest" time="49.468" errors="0" timestamp="2021-07-06T16:26:47 IST" skipped="0">
  <testcase classname="com.bryne.qa.testcases.LoginPageTest" name="LoginSubHeaderTest" time="12.693"/>
  <system-out/>
  <testcase classname="com.bryne.qa.testcases.LoginPageTest" name="LoginTest" time="17.162"/>
  <system-out/>
  <testcase classname="com.bryne.qa.testcases.LoginPageTest" name="LoginTitleTest" time="9.798"/>
  <system-out/>
  <testcase classname="com.bryne.qa.testcases.LoginPageTest" name="LoginLogoTest" time="9.815"/>
  <system-out/>
</testsuite> <!-- com.bryne.qa.testcases.LoginPageTest -->
