<?xml version="1.0" encoding="UTF-8"?>
<!-- Generated by org.testng.reporters.JUnitReportReporter -->
<testsuite hostname="CAP-LAP-894" failures="0" tests="1" name="com.bryne.qa.testcases.OtpPageTest" time="17.709" errors="0" timestamp="2021-07-05T13:29:28 IST" skipped="0">
  <testcase classname="com.bryne.qa.testcases.OtpPageTest" name="completeLoginFlowTest" time="17.709"/>
  <system-out/>
</testsuite> <!-- com.bryne.qa.testcases.OtpPageTest -->
