<?xml version="1.0" encoding="UTF-8"?>
<!-- Generated by org.testng.reporters.JUnitReportReporter -->
<testsuite hostname="CAP-LAP-894" failures="0" tests="2" name="com.bryne.qa.testcases.LandingPageTest" time="29.995" errors="0" timestamp="2021-07-05T13:37:42 IST" skipped="0">
  <testcase classname="com.bryne.qa.testcases.LandingPageTest" name="validateMyInfoViaLinkTest" time="15.292"/>
  <system-out/>
  <testcase classname="com.bryne.qa.testcases.LandingPageTest" name="validateWhatAreBenefitssSection" time="14.703"/>
  <system-out/>
</testsuite> <!-- com.bryne.qa.testcases.LandingPageTest -->
