<?xml version="1.0" encoding="UTF-8"?>
<!-- Generated by org.testng.reporters.JUnitReportReporter -->
<testsuite hostname="CAP-LAP-894" failures="0" tests="1" name="com.bryne.qa.testcases.OtpPageTest" time="16.091" errors="0" timestamp="2021-07-04T10:37:54 IST" skipped="0">
  <testcase classname="com.bryne.qa.testcases.OtpPageTest" name="completeLoginFlowTest" time="16.091"/>
  <system-out/>
</testsuite> <!-- com.bryne.qa.testcases.OtpPageTest -->
