<?xml version="1.0" encoding="UTF-8"?>
<!-- Generated by org.testng.reporters.JUnitReportReporter -->
<testsuite hostname="CAP-LAP-894" failures="0" tests="1" name="com.bryne.qa.testcases.DashboardPageTest" time="51.572" errors="0" timestamp="2021-07-06T11:03:43 IST" skipped="0">
  <testcase classname="com.bryne.qa.testcases.DashboardPageTest" name="validateOrderButtonBehaviorTest" time="51.572"/>
  <system-out/>
</testsuite> <!-- com.bryne.qa.testcases.DashboardPageTest -->
