<?xml version="1.0" encoding="UTF-8"?>
<!-- Generated by org.testng.reporters.JUnitReportReporter -->
<testsuite hostname="CAP-LAP-894" failures="0" tests="1" name="com.bryne.qa.testcases.LoginPageTest" time="12.427" errors="0" timestamp="2021-07-04T10:28:52 IST" skipped="0">
  <testcase classname="com.bryne.qa.testcases.LoginPageTest" name="LoginTest" time="12.427"/>
  <system-out/>
</testsuite> <!-- com.bryne.qa.testcases.LoginPageTest -->
