<?xml version="1.0" encoding="UTF-8"?>
<!-- Generated by org.testng.reporters.JUnitReportReporter -->
<testsuite hostname="CAP-LAP-894" failures="0" tests="1" name="com.bryne.qa.testcases.LandingPageTest" time="21.584" errors="0" timestamp="2021-07-04T18:04:13 IST" skipped="0">
  <testcase classname="com.bryne.qa.testcases.LandingPageTest" name="validateCheckYourStatusButtonBehavior" time="21.584"/>
  <system-out/>
</testsuite> <!-- com.bryne.qa.testcases.LandingPageTest -->
