<?xml version="1.0" encoding="UTF-8"?>
<!-- Generated by org.testng.reporters.JUnitReportReporter -->
<testsuite hostname="CAP-LAP-894" failures="0" tests="4" name="com.bryne.qa.testcases.DashboardPageTest" time="86.756" errors="0" timestamp="2021-07-06T16:26:47 IST" skipped="0">
  <testcase classname="com.bryne.qa.testcases.DashboardPageTest" name="validateRewardsTable" time="18.890"/>
  <system-out/>
  <testcase classname="com.bryne.qa.testcases.DashboardPageTest" name="validateOrderButtonBehaviorTest" time="22.450"/>
  <system-out/>
  <testcase classname="com.bryne.qa.testcases.DashboardPageTest" name="validateRedeemButtonBehaviorTest" time="24.187"/>
  <system-out/>
  <testcase classname="com.bryne.qa.testcases.DashboardPageTest" name="validateTransactionTableBeforeAndAfterLoadMoreClick" time="21.229"/>
  <system-out/>
</testsuite> <!-- com.bryne.qa.testcases.DashboardPageTest -->
