<?xml version="1.0" encoding="UTF-8"?>
<!-- Generated by org.testng.reporters.JUnitReportReporter -->
<testsuite hostname="CAP-LAP-894" failures="0" tests="7" name="com.bryne.qa.testcases.UpdateDetailsPageTest" time="248.377" errors="0" timestamp="2021-07-06T10:23:18 IST" skipped="0">
  <testcase classname="com.bryne.qa.testcases.UpdateDetailsPageTest" name="updateFirstNameTest" time="36.386"/>
  <system-out/>
  <testcase classname="com.bryne.qa.testcases.UpdateDetailsPageTest" name="updateAddressTest" time="36.350"/>
  <system-out/>
  <testcase classname="com.bryne.qa.testcases.UpdateDetailsPageTest" name="updateCityTest" time="35.413"/>
  <system-out/>
  <testcase classname="com.bryne.qa.testcases.UpdateDetailsPageTest" name="updateLastNameTest" time="35.008"/>
  <system-out/>
  <testcase classname="com.bryne.qa.testcases.UpdateDetailsPageTest" name="updateStateTest" time="36.975"/>
  <system-out/>
  <testcase classname="com.bryne.qa.testcases.UpdateDetailsPageTest" name="updateZipTest" time="35.169"/>
  <system-out/>
  <testcase classname="com.bryne.qa.testcases.UpdateDetailsPageTest" name="updateBusinessPhoneTest" time="33.076"/>
  <system-out/>
</testsuite> <!-- com.bryne.qa.testcases.UpdateDetailsPageTest -->
