<?xml version="1.0" encoding="UTF-8"?>
<!-- Generated by org.testng.reporters.JUnitReportReporter -->
<testsuite hostname="CAP-LAP-894" failures="0" tests="1" name="com.bryne.qa.testcases.MyInfoPageTest" time="96.495" errors="0" timestamp="2021-07-05T18:22:53 IST" skipped="0">
  <testcase classname="com.bryne.qa.testcases.MyInfoPageTest" name="validateFieldValues" time="96.495"/>
  <system-out/>
</testsuite> <!-- com.bryne.qa.testcases.MyInfoPageTest -->
