<?xml version="1.0" encoding="UTF-8"?>
<!-- Generated by org.testng.reporters.JUnitReportReporter -->
<testsuite hostname="CAP-LAP-894" failures="0" tests="2" name="com.bryne.qa.testcases.OtpPageTest" time="25.177" errors="0" timestamp="2021-07-06T22:51:31 IST" skipped="0">
  <testcase classname="com.bryne.qa.testcases.OtpPageTest" name="ValidateButtonEnabledTest" time="15.463"/>
  <system-out/>
  <testcase classname="com.bryne.qa.testcases.OtpPageTest" name="WithoutOTPTest" time="9.714"/>
  <system-out/>
</testsuite> <!-- com.bryne.qa.testcases.OtpPageTest -->
