<?xml version="1.0" encoding="UTF-8"?>
<!-- Generated by org.testng.reporters.JUnitReportReporter -->
<testsuite hostname="CAP-LAP-894" failures="0" tests="4" name="com.bryne.qa.testcases.LoginPageTest" time="48.544" errors="0" timestamp="2021-07-06T22:51:31 IST" skipped="0">
  <testcase classname="com.bryne.qa.testcases.LoginPageTest" name="LoginSubHeaderTest" time="10.438"/>
  <system-out/>
  <testcase classname="com.bryne.qa.testcases.LoginPageTest" name="LoginLogoTest" time="12.875"/>
  <system-out/>
  <testcase classname="com.bryne.qa.testcases.LoginPageTest" name="LoginTest" time="13.415"/>
  <system-out/>
  <testcase classname="com.bryne.qa.testcases.LoginPageTest" name="LoginTitleTest" time="11.816"/>
  <system-out/>
</testsuite> <!-- com.bryne.qa.testcases.LoginPageTest -->
