<?xml version="1.0" encoding="UTF-8"?>
<!-- Generated by org.testng.reporters.JUnitReportReporter -->
<testsuite hostname="CAP-LAP-894" failures="0" tests="1" name="com.bryne.qa.testcases.LoginPageTest" time="30.074" errors="0" timestamp="2021-07-06T11:03:43 IST" skipped="0">
  <testcase classname="com.bryne.qa.testcases.LoginPageTest" name="LoginLogoTest" time="30.074"/>
  <system-out/>
</testsuite> <!-- com.bryne.qa.testcases.LoginPageTest -->
