<?xml version="1.0" encoding="UTF-8"?>
<!-- Generated by org.testng.reporters.JUnitReportReporter -->
<testsuite hostname="CAP-LAP-894" failures="0" tests="1" name="com.bryne.qa.testcases.DashboardPageTest" time="22.033" errors="0" timestamp="2021-07-05T13:32:13 IST" skipped="0">
  <testcase classname="com.bryne.qa.testcases.DashboardPageTest" name="validateOrderButtonBehaviorTest" time="22.033"/>
  <system-out/>
</testsuite> <!-- com.bryne.qa.testcases.DashboardPageTest -->
