<?xml version="1.0" encoding="UTF-8"?>
<!-- Generated by org.testng.reporters.JUnitReportReporter -->
<testsuite hostname="CAP-LAP-894" failures="0" tests="1" name="com.bryne.qa.testcases.LandingPageTest" time="17.635" errors="0" timestamp="2021-07-04T11:06:44 IST" skipped="0">
  <testcase classname="com.bryne.qa.testcases.LandingPageTest" name="validateList" time="17.635"/>
  <system-out/>
</testsuite> <!-- com.bryne.qa.testcases.LandingPageTest -->
