<?xml version="1.0" encoding="UTF-8"?>
<!-- Generated by org.testng.reporters.JUnitReportReporter -->
<testsuite hostname="CAP-LAP-894" failures="0" tests="8" name="com.bryne.qa.testcases.LandingPageTest" time="141.804" errors="0" timestamp="2021-07-06T22:51:31 IST" skipped="0">
  <testcase classname="com.bryne.qa.testcases.LandingPageTest" name="validateCheckYourStatusButtonBehavior" time="21.065"/>
  <system-out/>
  <testcase classname="com.bryne.qa.testcases.LandingPageTest" name="validateHowCanIEarnSection" time="17.143"/>
  <system-out/>
  <testcase classname="com.bryne.qa.testcases.LandingPageTest" name="validateDashboardViaLinkTest" time="16.665"/>
  <system-out/>
  <testcase classname="com.bryne.qa.testcases.LandingPageTest" name="validatePerksDetailsTest" time="16.385"/>
  <system-out/>
  <testcase classname="com.bryne.qa.testcases.LandingPageTest" name="validateFAQSectionTest" time="16.849"/>
  <system-out/>
  <testcase classname="com.bryne.qa.testcases.LandingPageTest" name="validateWhatAreBenefitssSection" time="16.562"/>
  <system-out/>
  <testcase classname="com.bryne.qa.testcases.LandingPageTest" name="validateRewardsCatalogueSection" time="17.167"/>
  <system-out/>
  <testcase classname="com.bryne.qa.testcases.LandingPageTest" name="validateMyInfoViaLinkTest" time="19.968"/>
  <system-out/>
</testsuite> <!-- com.bryne.qa.testcases.LandingPageTest -->
