<?xml version="1.0" encoding="UTF-8"?>
<!-- Generated by org.testng.reporters.JUnitReportReporter -->
<testsuite hostname="CAP-LAP-894" failures="0" tests="3" name="com.bryne.qa.testcases.MyInfoPageTest" time="137.783" errors="0" timestamp="2021-07-06T16:26:47 IST" skipped="0">
  <testcase classname="com.bryne.qa.testcases.MyInfoPageTest" name="validateFieldValues" time="90.075"/>
  <system-out/>
  <testcase classname="com.bryne.qa.testcases.MyInfoPageTest" name="validateEditMyInfoButtonFunctionality" time="27.331"/>
  <system-out/>
  <testcase classname="com.bryne.qa.testcases.MyInfoPageTest" name="validateTitle" time="20.377"/>
  <system-out/>
</testsuite> <!-- com.bryne.qa.testcases.MyInfoPageTest -->
