<?xml version="1.0" encoding="UTF-8"?>
<!-- Generated by org.testng.reporters.JUnitReportReporter -->
<testsuite hostname="CAP-LAP-894" failures="0" tests="8" name="com.bryne.qa.testcases.LandingPageTest" time="155.518" errors="0" timestamp="2021-07-06T16:26:47 IST" skipped="0">
  <testcase classname="com.bryne.qa.testcases.LandingPageTest" name="validateCheckYourStatusButtonBehavior" time="18.476"/>
  <system-out/>
  <testcase classname="com.bryne.qa.testcases.LandingPageTest" name="validateFAQSectionTest" time="15.928"/>
  <system-out/>
  <testcase classname="com.bryne.qa.testcases.LandingPageTest" name="validateHowCanIEarnSection" time="19.812"/>
  <system-out/>
  <testcase classname="com.bryne.qa.testcases.LandingPageTest" name="validatePerksDetailsTest" time="22.395"/>
  <system-out/>
  <testcase classname="com.bryne.qa.testcases.LandingPageTest" name="validateMyInfoViaLinkTest" time="19.900"/>
  <system-out/>
  <testcase classname="com.bryne.qa.testcases.LandingPageTest" name="validateWhatAreBenefitssSection" time="19.609"/>
  <system-out/>
  <testcase classname="com.bryne.qa.testcases.LandingPageTest" name="validateDashboardViaLinkTest" time="19.780"/>
  <system-out/>
  <testcase classname="com.bryne.qa.testcases.LandingPageTest" name="validateRewardsCatalogueSection" time="19.618"/>
  <system-out/>
</testsuite> <!-- com.bryne.qa.testcases.LandingPageTest -->
